17:25:56.189 [main] INFO  testCases.TC_001_LoginPage - *** Starting TC_001_LoginPage ***
17:25:56.458 [main] INFO  testCases.TC_001_LoginPage - *** Enter the user email address***
17:25:58.474 [main] INFO  testCases.TC_001_LoginPage - *** finished the TC_001_LoginPage ***
17:28:18.399 [TestNG-tests-1] INFO  testCases.TC_001_LoginPage - *** Starting TC_001_LoginPage ***
17:28:18.643 [TestNG-tests-1] INFO  testCases.TC_001_LoginPage - *** Enter the user email address***
17:28:20.859 [TestNG-tests-1] INFO  testCases.TC_001_LoginPage - *** Enter the password ***
17:28:22.957 [TestNG-tests-1] INFO  testCases.TC_001_LoginPage - *** Clicking on login button ***
17:28:27.016 [TestNG-tests-1] INFO  testCases.TC_001_LoginPage - *** finished the TC_001_LoginPage ***
17:33:10.216 [TestNG-tests-1] INFO  testCases.TC_001_LoginPage - *** Starting TC_001_LoginPage ***
17:33:10.496 [TestNG-tests-1] INFO  testCases.TC_001_LoginPage - *** Enter the user email address***
17:33:12.650 [TestNG-tests-1] INFO  testCases.TC_001_LoginPage - *** Enter the password ***
17:33:14.752 [TestNG-tests-1] INFO  testCases.TC_001_LoginPage - *** Clicking on login button ***
17:33:18.808 [TestNG-tests-1] INFO  testCases.TC_001_LoginPage - *** finished the TC_001_LoginPage ***
17:35:17.991 [TestNG-tests-1] INFO  testCases.TC_001_LoginPage - *** Starting TC_001_LoginPage ***
17:35:18.248 [TestNG-tests-1] INFO  testCases.TC_001_LoginPage - *** Enter the user email address***
17:35:20.474 [TestNG-tests-1] INFO  testCases.TC_001_LoginPage - *** Enter the password ***
17:35:22.578 [TestNG-tests-1] INFO  testCases.TC_001_LoginPage - *** Clicking on login button ***
17:35:26.656 [TestNG-tests-1] INFO  testCases.TC_001_LoginPage - *** finished the TC_001_LoginPage ***
17:38:16.519 [TestNG-tests-1] INFO  testCases.TC_001_LoginPage - *** Starting TC_001_LoginPage ***
17:38:16.803 [TestNG-tests-1] INFO  testCases.TC_001_LoginPage - *** Enter the user email address***
17:38:19.000 [TestNG-tests-1] INFO  testCases.TC_001_LoginPage - *** Enter the password ***
17:38:21.050 [TestNG-tests-1] INFO  testCases.TC_001_LoginPage - *** finished the TC_001_LoginPage ***
18:22:01.609 [main] INFO  testCases.TC_001_LoginPage - *** Starting TC_001_LoginPage ***
18:22:01.988 [main] INFO  testCases.TC_001_LoginPage - *** Enter the user email address***
18:22:04.249 [main] INFO  testCases.TC_001_LoginPage - *** Enter the password ***
18:22:06.373 [main] INFO  testCases.TC_001_LoginPage - *** Clicking on login button ***
18:22:10.435 [main] INFO  testCases.TC_001_LoginPage - *** finished the TC_001_LoginPage ***
10:30:19.345 [main] INFO  testCases.TC_001_LoginPage - *** Starting TC_001_LoginPage ***
10:30:19.610 [main] INFO  testCases.TC_001_LoginPage - *** Enter the user email address***
10:30:21.806 [main] INFO  testCases.TC_001_LoginPage - *** Enter the password ***
10:30:23.907 [main] INFO  testCases.TC_001_LoginPage - *** Clicking on login button ***
10:30:27.961 [main] INFO  testCases.TC_001_LoginPage - *** finished the TC_001_LoginPage ***
10:32:19.090 [TestNG-tests-1] INFO  testCases.TC_001_LoginPage - *** Starting TC_001_LoginPage ***
10:32:19.425 [TestNG-tests-1] INFO  testCases.TC_001_LoginPage - *** Enter the user email address***
10:32:21.566 [TestNG-tests-1] INFO  testCases.TC_001_LoginPage - *** Enter the password ***
10:32:23.676 [TestNG-tests-1] INFO  testCases.TC_001_LoginPage - *** Clicking on login button ***
10:32:27.738 [TestNG-tests-1] INFO  testCases.TC_001_LoginPage - *** finished the TC_001_LoginPage ***
11:20:02.878 [main] INFO  testCases.TC_001_LoginPage - *** Starting TC_001_LoginPage ***
11:20:03.144 [main] INFO  testCases.TC_001_LoginPage - *** Enter the user email address***
11:20:05.332 [main] INFO  testCases.TC_001_LoginPage - *** Enter the password ***
11:20:07.438 [main] INFO  testCases.TC_001_LoginPage - *** Clicking on login button ***
11:20:11.523 [main] INFO  testCases.TC_001_LoginPage - *** finished the TC_001_LoginPage ***
12:27:43.329 [main] INFO  testCases.TC_001_LoginPage - *** Starting TC_001_LoginPage ***
12:27:43.669 [main] INFO  testCases.TC_001_LoginPage - *** Enter the user email address***
12:27:45.864 [main] INFO  testCases.TC_001_LoginPage - *** Enter the password ***
12:27:47.976 [main] INFO  testCases.TC_001_LoginPage - *** Clicking on login button ***
12:27:52.036 [main] INFO  testCases.TC_001_LoginPage - *** finished the TC_001_LoginPage ***
12:30:32.279 [main] INFO  testCases.TC_001_LoginPage - *** Starting TC_001_LoginPage ***
12:30:32.547 [main] INFO  testCases.TC_001_LoginPage - *** Enter the user email address***
12:30:34.549 [main] INFO  testCases.TC_001_LoginPage - *** finished the TC_001_LoginPage ***
12:32:50.165 [main] INFO  testCases.TC_001_LoginPage - *** Starting TC_001_LoginPage ***
12:32:50.476 [main] INFO  testCases.TC_001_LoginPage - *** Enter the user email address***
15:52:27.074 [main] DEBUG org.apache.poi.openxml4j.opc.PackageRelationshipCollection - Parsing relationship: /xl/_rels/workbook.xml.rels
15:52:27.083 [main] DEBUG org.apache.poi.openxml4j.opc.PackageRelationshipCollection - Parsing relationship: /xl/worksheets/_rels/sheet1.xml.rels
15:52:27.086 [main] DEBUG org.apache.poi.openxml4j.opc.PackageRelationshipCollection - Parsing relationship: /_rels/.rels
15:52:27.709 [main] DEBUG org.apache.poi.ooxml.POIXMLFactory - using default POIXMLDocumentPart for http://schemas.openxmlformats.org/officeDocument/2006/relationships/printerSettings
16:01:23.118 [main] DEBUG org.apache.poi.openxml4j.opc.PackageRelationshipCollection - Parsing relationship: /xl/_rels/workbook.xml.rels
16:01:23.131 [main] DEBUG org.apache.poi.openxml4j.opc.PackageRelationshipCollection - Parsing relationship: /xl/worksheets/_rels/sheet1.xml.rels
16:01:23.137 [main] DEBUG org.apache.poi.openxml4j.opc.PackageRelationshipCollection - Parsing relationship: /_rels/.rels
16:01:24.170 [main] DEBUG org.apache.poi.ooxml.POIXMLFactory - using default POIXMLDocumentPart for http://schemas.openxmlformats.org/officeDocument/2006/relationships/printerSettings
16:15:14.164 [main] DEBUG org.apache.poi.openxml4j.opc.PackageRelationshipCollection - Parsing relationship: /xl/_rels/workbook.xml.rels
16:15:14.182 [main] DEBUG org.apache.poi.openxml4j.opc.PackageRelationshipCollection - Parsing relationship: /xl/worksheets/_rels/sheet1.xml.rels
16:15:14.193 [main] DEBUG org.apache.poi.openxml4j.opc.PackageRelationshipCollection - Parsing relationship: /_rels/.rels
16:15:15.248 [main] DEBUG org.apache.poi.ooxml.POIXMLFactory - using default POIXMLDocumentPart for http://schemas.openxmlformats.org/officeDocument/2006/relationships/printerSettings
16:16:46.563 [main] INFO  testCases.TC_001_LoginPage - *** Starting TC_001_LoginPage ***
16:16:46.907 [main] INFO  testCases.TC_001_LoginPage - *** Enter the user email address***
16:16:49.090 [main] INFO  testCases.TC_001_LoginPage - *** Enter the password ***
16:16:51.205 [main] INFO  testCases.TC_001_LoginPage - *** Clicking on login button ***
16:16:55.256 [main] INFO  testCases.TC_001_LoginPage - *** finished the TC_001_LoginPage ***
16:17:27.580 [main] DEBUG org.apache.poi.openxml4j.opc.PackageRelationshipCollection - Parsing relationship: /xl/_rels/workbook.xml.rels
16:17:27.586 [main] DEBUG org.apache.poi.openxml4j.opc.PackageRelationshipCollection - Parsing relationship: /xl/worksheets/_rels/sheet1.xml.rels
16:17:27.587 [main] DEBUG org.apache.poi.openxml4j.opc.PackageRelationshipCollection - Parsing relationship: /_rels/.rels
16:17:28.311 [main] DEBUG org.apache.poi.ooxml.POIXMLFactory - using default POIXMLDocumentPart for http://schemas.openxmlformats.org/officeDocument/2006/relationships/printerSettings
16:25:07.699 [main] INFO  testCases.TC_001_LoginPage - *** Starting TC_001_LoginPage ***
16:25:08.391 [main] INFO  testCases.TC_001_LoginPage - *** Enter the user email address***
16:25:10.606 [main] INFO  testCases.TC_001_LoginPage - *** Enter the password ***
16:25:12.719 [main] INFO  testCases.TC_001_LoginPage - *** Clicking on login button ***
16:25:16.771 [main] INFO  testCases.TC_001_LoginPage - *** finished the TC_001_LoginPage ***
12:29:29.060 [main] INFO  testCases.TC_001_LoginPage - *** Starting TC_001_LoginPage ***
12:29:29.503 [main] INFO  testCases.TC_001_LoginPage - *** Enter the user email address***
12:29:31.651 [main] INFO  testCases.TC_001_LoginPage - *** Enter the password ***
12:29:33.773 [main] INFO  testCases.TC_001_LoginPage - *** Clicking on login button ***
12:29:37.825 [main] INFO  testCases.TC_001_LoginPage - *** finished the TC_001_LoginPage ***
12:40:00.272 [main] DEBUG io.netty.util.internal.logging.InternalLoggerFactory - Using Log4J2 as the default logging framework
12:40:00.293 [main] DEBUG io.netty.util.ResourceLeakDetector - -Dio.netty.leakDetection.level: simple
12:40:00.294 [main] DEBUG io.netty.util.ResourceLeakDetector - -Dio.netty.leakDetection.targetRecords: 4
12:40:00.308 [main] DEBUG io.netty.util.ResourceLeakDetectorFactory - Loaded default ResourceLeakDetector: io.netty.util.ResourceLeakDetector@6d5037a9
12:40:00.360 [main] DEBUG io.netty.util.internal.PlatformDependent0 - -Dio.netty.noUnsafe: false
12:40:00.360 [main] DEBUG io.netty.util.internal.PlatformDependent0 - Java version: 17
12:40:00.362 [main] DEBUG io.netty.util.internal.PlatformDependent0 - sun.misc.Unsafe.theUnsafe: available
12:40:00.363 [main] DEBUG io.netty.util.internal.PlatformDependent0 - sun.misc.Unsafe.copyMemory: available
12:40:00.364 [main] DEBUG io.netty.util.internal.PlatformDependent0 - sun.misc.Unsafe.storeFence: available
12:40:00.366 [main] DEBUG io.netty.util.internal.PlatformDependent0 - java.nio.Buffer.address: available
12:40:00.367 [main] DEBUG io.netty.util.internal.PlatformDependent0 - direct buffer constructor: unavailable: Reflective setAccessible(true) disabled
12:40:00.369 [main] DEBUG io.netty.util.internal.PlatformDependent0 - java.nio.Bits.unaligned: available, true
12:40:00.370 [main] DEBUG io.netty.util.internal.PlatformDependent0 - jdk.internal.misc.Unsafe.allocateUninitializedArray(int): unavailable: class io.netty.util.internal.PlatformDependent0$7 cannot access class jdk.internal.misc.Unsafe (in module java.base) because module java.base does not export jdk.internal.misc to unnamed module @3d71d552
12:40:00.374 [main] DEBUG io.netty.util.internal.PlatformDependent0 - java.nio.DirectByteBuffer.<init>(long, int): unavailable
12:40:00.375 [main] DEBUG io.netty.util.internal.PlatformDependent - sun.misc.Unsafe: available
12:40:00.376 [main] DEBUG io.netty.util.internal.PlatformDependent - maxDirectMemory: 2122317824 bytes (maybe)
12:40:00.377 [main] DEBUG io.netty.util.internal.PlatformDependent - -Dio.netty.tmpdir: C:\Users\admin\AppData\Local\Temp (java.io.tmpdir)
12:40:00.378 [main] DEBUG io.netty.util.internal.PlatformDependent - -Dio.netty.bitMode: 64 (sun.arch.data.model)
12:40:00.379 [main] DEBUG io.netty.util.internal.PlatformDependent - Platform: Windows
12:40:00.381 [main] DEBUG io.netty.util.internal.PlatformDependent - -Dio.netty.maxDirectMemory: -1 bytes
12:40:00.382 [main] DEBUG io.netty.util.internal.PlatformDependent - -Dio.netty.uninitializedArrayAllocationThreshold: -1
12:40:00.385 [main] DEBUG io.netty.util.internal.CleanerJava9 - java.nio.ByteBuffer.cleaner(): available
12:40:00.385 [main] DEBUG io.netty.util.internal.PlatformDependent - -Dio.netty.noPreferDirect: false
12:40:00.411 [main] DEBUG io.netty.util.internal.PlatformDependent - org.jctools-core.MpscChunkedArrayQueue: available
12:40:00.480 [main] DEBUG io.netty.util.internal.InternalThreadLocalMap - -Dio.netty.threadLocalMap.stringBuilder.initialSize: 1024
12:40:00.481 [main] DEBUG io.netty.util.internal.InternalThreadLocalMap - -Dio.netty.threadLocalMap.stringBuilder.maxSize: 4096
12:40:00.603 [main] DEBUG io.netty.handler.ssl.JdkSslContext - Default protocols (JDK): [TLSv1.3, TLSv1.2] 
12:40:00.604 [main] DEBUG io.netty.handler.ssl.JdkSslContext - Default cipher suites (JDK): [TLS_ECDHE_ECDSA_WITH_AES_256_GCM_SHA384, TLS_ECDHE_ECDSA_WITH_AES_128_GCM_SHA256, TLS_ECDHE_RSA_WITH_AES_128_GCM_SHA256, TLS_ECDHE_RSA_WITH_AES_256_GCM_SHA384, TLS_ECDHE_RSA_WITH_AES_128_CBC_SHA, TLS_ECDHE_RSA_WITH_AES_256_CBC_SHA, TLS_RSA_WITH_AES_128_GCM_SHA256, TLS_RSA_WITH_AES_128_CBC_SHA, TLS_RSA_WITH_AES_256_CBC_SHA, TLS_AES_128_GCM_SHA256, TLS_AES_256_GCM_SHA384]
12:40:00.684 [main] DEBUG io.netty.channel.MultithreadEventLoopGroup - -Dio.netty.eventLoopThreads: 8
12:40:00.715 [main] DEBUG io.netty.channel.nio.NioEventLoop - -Dio.netty.noKeySetOptimization: false
12:40:00.716 [main] DEBUG io.netty.channel.nio.NioEventLoop - -Dio.netty.selectorAutoRebuildThreshold: 512
12:40:00.832 [main] DEBUG io.netty.buffer.PooledByteBufAllocator - -Dio.netty.allocator.numHeapArenas: 8
12:40:00.832 [main] DEBUG io.netty.buffer.PooledByteBufAllocator - -Dio.netty.allocator.numDirectArenas: 8
12:40:00.832 [main] DEBUG io.netty.buffer.PooledByteBufAllocator - -Dio.netty.allocator.pageSize: 8192
12:40:00.832 [main] DEBUG io.netty.buffer.PooledByteBufAllocator - -Dio.netty.allocator.maxOrder: 9
12:40:00.833 [main] DEBUG io.netty.buffer.PooledByteBufAllocator - -Dio.netty.allocator.chunkSize: 4194304
12:40:00.834 [main] DEBUG io.netty.buffer.PooledByteBufAllocator - -Dio.netty.allocator.smallCacheSize: 256
12:40:00.834 [main] DEBUG io.netty.buffer.PooledByteBufAllocator - -Dio.netty.allocator.normalCacheSize: 64
12:40:00.834 [main] DEBUG io.netty.buffer.PooledByteBufAllocator - -Dio.netty.allocator.maxCachedBufferCapacity: 32768
12:40:00.834 [main] DEBUG io.netty.buffer.PooledByteBufAllocator - -Dio.netty.allocator.cacheTrimInterval: 8192
12:40:00.835 [main] DEBUG io.netty.buffer.PooledByteBufAllocator - -Dio.netty.allocator.cacheTrimIntervalMillis: 0
12:40:00.835 [main] DEBUG io.netty.buffer.PooledByteBufAllocator - -Dio.netty.allocator.useCacheForAllThreads: false
12:40:00.835 [main] DEBUG io.netty.buffer.PooledByteBufAllocator - -Dio.netty.allocator.maxCachedByteBuffersPerChunk: 1023
12:40:00.862 [main] DEBUG io.netty.buffer.ByteBufUtil - -Dio.netty.allocator.type: pooled
12:40:00.862 [main] DEBUG io.netty.buffer.ByteBufUtil - -Dio.netty.threadLocalDirectBufferSize: 0
12:40:00.862 [main] DEBUG io.netty.buffer.ByteBufUtil - -Dio.netty.maxThreadLocalCharBufferSize: 16384
12:40:01.529 [Forwarding newSession on session null to remote] DEBUG io.netty.channel.DefaultChannelId - -Dio.netty.processId: 24756 (auto-detected)
12:40:01.533 [Forwarding newSession on session null to remote] DEBUG io.netty.util.NetUtil - -Djava.net.preferIPv4Stack: false
12:40:01.533 [Forwarding newSession on session null to remote] DEBUG io.netty.util.NetUtil - -Djava.net.preferIPv6Addresses: false
12:40:01.546 [Forwarding newSession on session null to remote] DEBUG io.netty.util.NetUtilInitializations - Loopback interface: lo (Software Loopback Interface 1, 127.0.0.1)
12:40:01.547 [Forwarding newSession on session null to remote] DEBUG io.netty.util.NetUtil - Failed to get SOMAXCONN from sysctl and file \proc\sys\net\core\somaxconn. Default: 200
12:40:01.592 [Forwarding newSession on session null to remote] DEBUG io.netty.channel.DefaultChannelId - -Dio.netty.machineId: 08:d4:0c:ff:fe:36:32:c9 (auto-detected)
12:40:01.663 [AsyncHttpClient-1-2] DEBUG io.netty.buffer.AbstractByteBuf - -Dio.netty.buffer.checkAccessible: true
12:40:01.663 [AsyncHttpClient-1-2] DEBUG io.netty.buffer.AbstractByteBuf - -Dio.netty.buffer.checkBounds: true
12:40:01.663 [AsyncHttpClient-1-2] DEBUG io.netty.util.ResourceLeakDetectorFactory - Loaded default ResourceLeakDetector: io.netty.util.ResourceLeakDetector@7d95ab84
12:40:01.691 [AsyncHttpClient-1-2] DEBUG io.netty.util.Recycler - -Dio.netty.recycler.maxCapacityPerThread: 4096
12:40:01.691 [AsyncHttpClient-1-2] DEBUG io.netty.util.Recycler - -Dio.netty.recycler.ratio: 8
12:40:01.691 [AsyncHttpClient-1-2] DEBUG io.netty.util.Recycler - -Dio.netty.recycler.chunkSize: 32
12:40:01.691 [AsyncHttpClient-1-2] DEBUG io.netty.util.Recycler - -Dio.netty.recycler.blocking: false
12:40:03.425 [AsyncHttpClient-1-2] DEBUG io.netty.handler.codec.compression.Brotli - brotli4j not in the classpath; Brotli support will be unavailable.
12:40:03.734 [main] DEBUG io.netty.util.internal.ThreadLocalRandom - -Dio.netty.initialSeedUniquifier: 0xe02af11c8d08eb83
12:41:31.837 [main] INFO  testCases.TC_001_LoginPage - *** Starting TC_001_LoginPage ***
12:41:32.271 [main] INFO  testCases.TC_001_LoginPage - *** Enter the user email address***
12:41:34.483 [main] INFO  testCases.TC_001_LoginPage - *** Enter the password ***
12:41:36.610 [main] INFO  testCases.TC_001_LoginPage - *** Clicking on login button ***
12:41:40.715 [main] INFO  testCases.TC_001_LoginPage - *** finished the TC_001_LoginPage ***
12:51:12.274 [TestNG-tests-1] INFO  testCases.TC_001_LoginPage - *** Starting TC_001_LoginPage ***
12:51:14.216 [TestNG-tests-2] INFO  testCases.TC_001_LoginPage - *** Starting TC_001_LoginPage ***
12:51:14.621 [TestNG-tests-1] INFO  testCases.TC_001_LoginPage - *** Enter the user email address***
12:51:14.795 [TestNG-tests-2] INFO  testCases.TC_001_LoginPage - *** Enter the user email address***
12:51:16.720 [TestNG-tests-1] INFO  testCases.TC_001_LoginPage - *** Enter the password ***
12:51:16.878 [TestNG-tests-2] INFO  testCases.TC_001_LoginPage - *** Enter the password ***
12:51:18.995 [TestNG-tests-1] INFO  testCases.TC_001_LoginPage - *** Clicking on login button ***
12:51:19.221 [TestNG-tests-2] INFO  testCases.TC_001_LoginPage - *** Clicking on login button ***
12:53:08.416 [TestNG-tests-2] INFO  testCases.TC_001_LoginPage - *** Starting TC_001_LoginPage ***
12:53:08.650 [TestNG-tests-2] INFO  testCases.TC_001_LoginPage - *** Enter the user email address***
12:53:10.781 [TestNG-tests-2] INFO  testCases.TC_001_LoginPage - *** Enter the password ***
12:53:13.106 [TestNG-tests-2] INFO  testCases.TC_001_LoginPage - *** Clicking on login button ***
12:53:17.194 [TestNG-tests-2] INFO  testCases.TC_001_LoginPage - *** finished the TC_001_LoginPage ***
12:54:40.392 [TestNG-tests-2] INFO  testCases.TC_001_LoginPage - *** Starting TC_001_LoginPage ***
12:54:41.058 [TestNG-tests-2] INFO  testCases.TC_001_LoginPage - *** finished the TC_001_LoginPage ***
12:58:19.395 [TestNG-tests-2] INFO  testCases.TC_001_LoginPage - *** Starting TC_001_LoginPage ***
12:58:19.766 [TestNG-tests-2] INFO  testCases.TC_001_LoginPage - *** Enter the user email address***
12:58:21.860 [TestNG-tests-2] INFO  testCases.TC_001_LoginPage - *** Enter the password ***
12:58:24.193 [TestNG-tests-2] INFO  testCases.TC_001_LoginPage - *** Clicking on login button ***
12:58:28.248 [TestNG-tests-2] INFO  testCases.TC_001_LoginPage - *** finished the TC_001_LoginPage ***
13:07:02.532 [main] INFO  testCases.TC_001_LoginPage - *** Starting TC_001_LoginPage ***
13:07:02.916 [main] INFO  testCases.TC_001_LoginPage - *** Enter the user email address***
13:07:05.251 [main] INFO  testCases.TC_001_LoginPage - *** Enter the password ***
13:07:07.360 [main] INFO  testCases.TC_001_LoginPage - *** Clicking on login button ***
13:07:11.423 [main] INFO  testCases.TC_001_LoginPage - *** finished the TC_001_LoginPage ***
15:42:48.200 [main] INFO  testCases.TC_001_LoginPage - *** Starting TC_001_LoginPage ***
15:42:48.578 [main] INFO  testCases.TC_001_LoginPage - *** Enter the user email address***
15:42:50.836 [main] INFO  testCases.TC_001_LoginPage - *** Enter the password ***
15:42:52.993 [main] INFO  testCases.TC_001_LoginPage - *** Clicking on login button ***
15:47:21.705 [main] INFO  testCases.TC_001_LoginPage - *** Starting TC_001_LoginPage ***
15:47:22.113 [main] INFO  testCases.TC_001_LoginPage - *** Enter the user email address***
15:47:24.302 [main] INFO  testCases.TC_001_LoginPage - *** Enter the password ***
15:47:26.403 [main] INFO  testCases.TC_001_LoginPage - *** Clicking on login button ***
15:47:30.464 [main] INFO  testCases.TC_001_LoginPage - *** finished the TC_001_LoginPage ***
16:09:04.061 [main] INFO  testCases.TC_001_LoginPage - *** Starting TC_001_LoginPage ***
16:09:04.363 [main] INFO  testCases.TC_001_LoginPage - *** Enter the user email address***
16:09:06.525 [main] INFO  testCases.TC_001_LoginPage - *** Enter the password ***
16:09:08.638 [main] INFO  testCases.TC_001_LoginPage - *** Clicking on login button ***
16:09:12.768 [main] INFO  testCases.TC_001_LoginPage - *** finished the TC_001_LoginPage ***
12:01:46.227 [TestNG-tests-1] INFO  testCases.TC_001_LoginPage - *** Starting TC_001_LoginPage ***
12:01:46.557 [TestNG-tests-1] INFO  testCases.TC_001_LoginPage - *** Enter the user email address***
12:01:48.735 [TestNG-tests-1] INFO  testCases.TC_001_LoginPage - *** Enter the password ***
12:01:50.848 [TestNG-tests-1] INFO  testCases.TC_001_LoginPage - *** Clicking on login button ***
12:01:54.957 [TestNG-tests-1] INFO  testCases.TC_001_LoginPage - *** finished the TC_001_LoginPage ***
12:02:59.668 [TestNG-tests-1] INFO  testCases.TC_001_LoginPage - *** Starting TC_001_LoginPage ***
12:03:11.967 [TestNG-tests-2] INFO  testCases.TC_001_LoginPage - *** Starting TC_001_LoginPage ***
12:03:12.269 [TestNG-tests-1] INFO  testCases.TC_001_LoginPage - *** Enter the user email address***
12:03:12.357 [TestNG-tests-2] INFO  testCases.TC_001_LoginPage - *** Enter the user email address***
12:03:14.363 [TestNG-tests-1] INFO  testCases.TC_001_LoginPage - *** Enter the password ***
12:03:14.409 [TestNG-tests-2] INFO  testCases.TC_001_LoginPage - *** Enter the password ***
12:03:16.682 [TestNG-tests-1] INFO  testCases.TC_001_LoginPage - *** Clicking on login button ***
12:03:16.918 [TestNG-tests-2] INFO  testCases.TC_001_LoginPage - *** Clicking on login button ***
12:40:48.951 [main] INFO  testCases.TC_001_LoginPage - *** Starting TC_001_LoginPage ***
12:40:49.291 [main] INFO  testCases.TC_001_LoginPage - *** Enter the user email address***
12:40:51.576 [main] INFO  testCases.TC_001_LoginPage - *** Enter the password ***
12:40:53.697 [main] INFO  testCases.TC_001_LoginPage - *** Clicking on login button ***
12:40:58.796 [main] INFO  testCases.TC_001_LoginPage - *** finished the TC_001_LoginPage ***
18:13:42.648 [main] INFO  testCases.TC_003_RegisterPage - *** Starting TC_003_RegisterPage ***
18:15:53.423 [main] INFO  testCases.TC_003_RegisterPage - *** Starting TC_003_RegisterPage ***
23:48:53.919 [main] INFO  testCases.TC_003_RegisterPage - *** Starting TC_003_RegisterPage ***
10:32:01.766 [main] INFO  testCases.TC_003_RegisterPage - *** Starting TC_003_RegisterPage ***
10:33:32.668 [main] INFO  testCases.TC_003_RegisterPage - *** Starting TC_003_RegisterPage ***
10:35:31.714 [main] INFO  testCases.TC_003_RegisterPage - *** Starting TC_003_RegisterPage ***
10:37:38.418 [main] INFO  testCases.TC_003_RegisterPage - *** Starting TC_003_RegisterPage ***
10:45:26.460 [main] INFO  testCases.TC_003_RegisterPage - *** Starting TC_003_RegisterPage ***
17:37:40.405 [main] INFO  testCases.TC_003_RegisterPage - *** Starting TC_003_RegisterPage ***
17:43:04.239 [main] INFO  testCases.TC_003_RegisterPage - *** Starting TC_003_RegisterPage ***
17:49:58.673 [main] INFO  testCases.TC_003_RegisterPage - *** Starting TC_003_RegisterPage ***
17:53:51.547 [main] INFO  testCases.TC_003_RegisterPage - *** Starting TC_003_RegisterPage ***
18:06:25.816 [main] INFO  testCases.TC_001_LoginPage - *** Starting TC_001_LoginPage ***
18:06:26.137 [main] INFO  testCases.TC_001_LoginPage - *** Enter the user email address***
18:06:28.390 [main] INFO  testCases.TC_001_LoginPage - *** Enter the password ***
18:06:30.496 [main] INFO  testCases.TC_001_LoginPage - *** Clicking on login button ***
18:06:34.620 [main] INFO  testCases.TC_001_LoginPage - *** finished the TC_001_LoginPage ***
18:07:43.186 [main] INFO  testCases.TC_003_RegisterPage - *** Starting TC_003_RegisterPage ***
10:42:16.443 [main] INFO  testCases.TC_003_RegisterPage - *** Starting TC_003_RegisterPage ***
10:50:55.046 [main] INFO  testCases.TC_003_RegisterPage - *** Starting TC_003_RegisterPage ***
10:51:59.735 [main] INFO  testCases.TC_001_LoginPage - *** Starting TC_001_LoginPage ***
10:52:00.001 [main] INFO  testCases.TC_001_LoginPage - *** Enter the user email address***
10:52:02.206 [main] INFO  testCases.TC_001_LoginPage - *** Enter the password ***
10:52:04.305 [main] INFO  testCases.TC_001_LoginPage - *** Clicking on login button ***
10:52:08.465 [main] INFO  testCases.TC_001_LoginPage - *** finished the TC_001_LoginPage ***
13:38:03.733 [main] INFO  testCases.TC_001_LoginPage - *** Starting TC_001_LoginPage ***
13:38:04.477 [main] INFO  testCases.TC_001_LoginPage - *** Enter the user email address***
13:38:06.859 [main] INFO  testCases.TC_001_LoginPage - *** Enter the password ***
13:38:09.077 [main] INFO  testCases.TC_001_LoginPage - *** Clicking on login button ***
14:44:45.814 [main] INFO  testCases.TC_001_LoginPage - *** Starting TC_001_LoginPage ***
14:44:46.068 [main] INFO  testCases.TC_001_LoginPage - *** finished the TC_001_LoginPage ***
14:51:24.164 [main] INFO  testCases.TC_001_LoginPage - *** Starting TC_001_LoginPage ***
14:51:24.540 [main] INFO  testCases.TC_001_LoginPage - *** Enter the user email address***
14:51:26.697 [main] INFO  testCases.TC_001_LoginPage - *** Enter the password ***
14:51:28.814 [main] INFO  testCases.TC_001_LoginPage - *** Clicking on login button ***
14:54:45.364 [main] INFO  testCases.TC_001_LoginPage - *** Starting TC_001_LoginPage ***
14:54:45.686 [main] INFO  testCases.TC_001_LoginPage - *** Enter the user email address***
14:54:47.873 [main] INFO  testCases.TC_001_LoginPage - *** Enter the password ***
14:54:50.028 [main] INFO  testCases.TC_001_LoginPage - *** Clicking on login button ***
15:00:03.282 [main] INFO  testCases.TC_001_LoginPage - *** Starting TC_001_LoginPage ***
15:00:03.618 [main] INFO  testCases.TC_001_LoginPage - *** Enter the user email address***
15:00:05.798 [main] INFO  testCases.TC_001_LoginPage - *** Enter the password ***
15:00:07.930 [main] INFO  testCases.TC_001_LoginPage - *** Clicking on login button ***
15:00:12.046 [main] INFO  testCases.TC_001_LoginPage - *** finished the TC_001_LoginPage ***
15:12:56.354 [main] INFO  testCases.TC_001_LoginPage - *** Starting TC_001_LoginPage ***
15:12:56.663 [main] INFO  testCases.TC_001_LoginPage - *** Enter the user email address***
15:12:58.926 [main] INFO  testCases.TC_001_LoginPage - *** Enter the password ***
15:13:01.036 [main] INFO  testCases.TC_001_LoginPage - *** Clicking on login button ***
15:13:11.265 [main] INFO  testCases.TC_001_LoginPage - *** finished the TC_001_LoginPage ***
15:36:37.861 [main] INFO  testCases.TC_001_LoginPage - *** Starting TC_001_LoginPage ***
15:36:38.176 [main] INFO  testCases.TC_001_LoginPage - *** Enter the user email address***
15:36:40.333 [main] INFO  testCases.TC_001_LoginPage - *** Enter the password ***
15:36:42.434 [main] INFO  testCases.TC_001_LoginPage - *** Clicking on login button ***
15:36:54.741 [main] INFO  testCases.TC_001_LoginPage - *** finished the TC_001_LoginPage ***
15:53:57.899 [main] INFO  testCases.TC_001_LoginPage - *** Starting TC_001_LoginPage ***
15:53:58.246 [main] INFO  testCases.TC_001_LoginPage - *** Enter the user email address***
15:54:00.412 [main] INFO  testCases.TC_001_LoginPage - *** Enter the password ***
15:54:02.649 [main] INFO  testCases.TC_001_LoginPage - *** Clicking on login button ***
15:54:15.028 [main] INFO  testCases.TC_001_LoginPage - *** finished the TC_001_LoginPage ***
17:33:48.932 [main] INFO  testCases.TC_001_LoginPage - *** Starting TC_001_LoginPage ***
17:33:49.265 [main] INFO  testCases.TC_001_LoginPage - *** Enter the user email address***
17:33:51.499 [main] INFO  testCases.TC_001_LoginPage - *** Enter the password ***
17:33:53.655 [main] INFO  testCases.TC_001_LoginPage - *** Clicking on login button ***
17:33:57.728 [main] INFO  testCases.TC_001_LoginPage - *** finished the TC_001_LoginPage ***
17:35:28.009 [main] INFO  testCases.TC_001_LoginPage - *** Starting TC_001_LoginPage ***
17:35:28.315 [main] INFO  testCases.TC_001_LoginPage - *** Enter the user email address***
17:35:30.464 [main] INFO  testCases.TC_001_LoginPage - *** Enter the password ***
17:35:32.666 [main] INFO  testCases.TC_001_LoginPage - *** Clicking on login button ***
17:35:49.371 [main] INFO  testCases.TC_001_LoginPage - *** finished the TC_001_LoginPage ***
17:58:15.033 [main] INFO  testCases.TC_001_LoginPage - *** Starting TC_001_LoginPage ***
17:58:15.616 [main] INFO  testCases.TC_001_LoginPage - *** Enter the user email address***
17:58:17.769 [main] INFO  testCases.TC_001_LoginPage - *** Enter the password ***
17:58:19.879 [main] INFO  testCases.TC_001_LoginPage - *** Clicking on login button ***
17:58:36.588 [main] INFO  testCases.TC_001_LoginPage - *** finished the TC_001_LoginPage ***
18:00:30.209 [main] INFO  testCases.TC_001_LoginPage - *** Starting TC_001_LoginPage ***
18:00:30.514 [main] INFO  testCases.TC_001_LoginPage - *** Enter the user email address***
18:00:32.659 [main] INFO  testCases.TC_001_LoginPage - *** Enter the password ***
18:00:34.760 [main] INFO  testCases.TC_001_LoginPage - *** Clicking on login button ***
18:00:51.484 [main] INFO  testCases.TC_001_LoginPage - *** finished the TC_001_LoginPage ***
18:03:39.076 [main] INFO  testCases.TC_001_LoginPage - *** Starting TC_001_LoginPage ***
18:03:39.372 [main] INFO  testCases.TC_001_LoginPage - *** Enter the user email address***
18:03:41.553 [main] INFO  testCases.TC_001_LoginPage - *** Enter the password ***
18:03:43.684 [main] INFO  testCases.TC_001_LoginPage - *** Clicking on login button ***
18:04:03.911 [main] INFO  testCases.TC_001_LoginPage - *** finished the TC_001_LoginPage ***
18:07:25.547 [main] INFO  testCases.TC_001_LoginPage - *** Starting TC_001_LoginPage ***
18:07:25.966 [main] INFO  testCases.TC_001_LoginPage - *** Enter the user email address***
18:07:28.146 [main] INFO  testCases.TC_001_LoginPage - *** Enter the password ***
18:07:30.296 [main] INFO  testCases.TC_001_LoginPage - *** Clicking on login button ***
18:07:55.943 [main] INFO  testCases.TC_001_LoginPage - *** finished the TC_001_LoginPage ***
18:16:48.257 [main] INFO  testCases.TC_001_LoginPage - *** Starting TC_001_LoginPage ***
18:16:48.583 [main] INFO  testCases.TC_001_LoginPage - *** Enter the user email address***
18:16:50.739 [main] INFO  testCases.TC_001_LoginPage - *** Enter the password ***
18:16:52.865 [main] INFO  testCases.TC_001_LoginPage - *** Clicking on login button ***
18:17:20.121 [main] INFO  testCases.TC_001_LoginPage - *** finished the TC_001_LoginPage ***
21:39:35.847 [main] INFO  testCases.TC_001_LoginPage - *** Starting TC_001_LoginPage ***
21:39:36.210 [main] INFO  testCases.TC_001_LoginPage - *** Enter the user email address***
21:39:38.383 [main] INFO  testCases.TC_001_LoginPage - *** Enter the password ***
21:39:40.505 [main] INFO  testCases.TC_001_LoginPage - *** Clicking on login button ***
21:40:03.046 [main] INFO  testCases.TC_001_LoginPage - *** finished the TC_001_LoginPage ***
11:49:19.167 [main] INFO  testCases.TC_001_LoginPage - *** Starting TC_001_LoginPage ***
11:49:19.319 [main] INFO  testCases.TC_001_LoginPage - *** finished the TC_001_LoginPage ***
11:53:44.484 [main] INFO  testCases.TC_001_LoginPage - *** Starting TC_001_LoginPage ***
12:00:19.788 [main] INFO  testCases.TC_001_LoginPage - *** Starting TC_001_LoginPage ***
12:00:20.183 [main] INFO  testCases.TC_001_LoginPage - *** Enter the user email address***
12:00:22.574 [main] INFO  testCases.TC_001_LoginPage - *** Enter the password ***
12:00:24.762 [main] INFO  testCases.TC_001_LoginPage - *** Clicking on login button ***
12:00:46.812 [main] INFO  testCases.TC_001_LoginPage - *** finished the TC_001_LoginPage ***
17:02:04.595 [main] INFO  testCases.TC_001_LoginPage - *** Starting TC_001_LoginPage ***
17:02:04.938 [main] INFO  testCases.TC_001_LoginPage - *** Enter the user email address***
17:02:07.004 [main] INFO  testCases.TC_001_LoginPage - *** Enter the password ***
17:02:09.316 [main] INFO  testCases.TC_001_LoginPage - *** Clicking on login button ***
17:02:31.272 [main] INFO  testCases.TC_001_LoginPage - *** finished the TC_001_LoginPage ***
17:04:13.470 [main] INFO  testCases.TC_001_LoginPage - *** Starting TC_001_LoginPage ***
17:04:13.822 [main] INFO  testCases.TC_001_LoginPage - *** Enter the user email address***
17:04:15.936 [main] INFO  testCases.TC_001_LoginPage - *** Enter the password ***
17:04:18.239 [main] INFO  testCases.TC_001_LoginPage - *** Clicking on login button ***
17:04:40.395 [main] INFO  testCases.TC_001_LoginPage - *** finished the TC_001_LoginPage ***
11:54:19.452 [main] INFO  testCases.TC_001_LoginPage - *** Starting TC_001_LoginPage ***
11:54:19.769 [main] INFO  testCases.TC_001_LoginPage - *** Enter the user email address***
11:54:21.830 [main] INFO  testCases.TC_001_LoginPage - *** Enter the password ***
11:54:24.114 [main] INFO  testCases.TC_001_LoginPage - *** Clicking on login button ***
11:54:28.157 [main] INFO  testCases.TC_001_LoginPage - *** finished the TC_001_LoginPage ***
11:57:00.161 [main] INFO  testCases.TC_001_LoginPage - *** Starting TC_001_LoginPage ***
11:57:00.354 [main] INFO  testCases.TC_001_LoginPage - *** Enter the user email address***
11:57:02.522 [main] INFO  testCases.TC_001_LoginPage - *** Enter the password ***
11:57:04.858 [main] INFO  testCases.TC_001_LoginPage - *** Clicking on login button ***
11:57:08.884 [main] INFO  testCases.TC_001_LoginPage - *** finished the TC_001_LoginPage ***
13:06:09.059 [main] INFO  testCases.TC_001_LoginPage - *** Starting TC_001_LoginPage ***
13:06:09.419 [main] INFO  testCases.TC_001_LoginPage - *** Enter the user email address***
13:06:11.465 [main] INFO  testCases.TC_001_LoginPage - *** Enter the password ***
13:06:13.777 [main] INFO  testCases.TC_001_LoginPage - *** Clicking on login button ***
13:06:17.820 [main] INFO  testCases.TC_001_LoginPage - *** finished the TC_001_LoginPage ***
13:45:18.341 [main] INFO  testCases.TC_001_LoginPage - *** Starting TC_001_LoginPage ***
13:45:18.704 [main] INFO  testCases.TC_001_LoginPage - *** Enter the user email address***
13:45:20.791 [main] INFO  testCases.TC_001_LoginPage - *** Enter the password ***
13:45:23.111 [main] INFO  testCases.TC_001_LoginPage - *** Clicking on login button ***
13:45:27.153 [main] INFO  testCases.TC_001_LoginPage - *** finished the TC_001_LoginPage ***
15:45:07.273 [main] INFO  testCases.TC_001_LoginPage - *** Starting TC_001_LoginPage ***
15:45:07.553 [main] INFO  testCases.TC_001_LoginPage - *** Enter the user email address***
15:45:09.634 [main] INFO  testCases.TC_001_LoginPage - *** Enter the password ***
15:45:11.935 [main] INFO  testCases.TC_001_LoginPage - *** Clicking on login button ***
15:45:15.989 [main] INFO  testCases.TC_001_LoginPage - *** finished the TC_001_LoginPage ***
15:54:49.866 [main] INFO  testCases.TC_001_LoginPage - *** Starting TC_001_LoginPage ***
15:54:50.130 [main] INFO  testCases.TC_001_LoginPage - *** Enter the user email address***
15:54:52.235 [main] INFO  testCases.TC_001_LoginPage - *** Enter the password ***
15:54:54.594 [main] INFO  testCases.TC_001_LoginPage - *** Clicking on login button ***
15:54:58.654 [main] INFO  testCases.TC_001_LoginPage - *** finished the TC_001_LoginPage ***
15:56:22.773 [main] INFO  testCases.TC_001_LoginPage - *** Starting TC_001_LoginPage ***
15:56:23.127 [main] INFO  testCases.TC_001_LoginPage - *** Enter the user email address***
15:56:25.221 [main] INFO  testCases.TC_001_LoginPage - *** Enter the password ***
15:56:27.535 [main] INFO  testCases.TC_001_LoginPage - *** Clicking on login button ***
15:56:31.579 [main] INFO  testCases.TC_001_LoginPage - *** finished the TC_001_LoginPage ***
15:25:38.584 [main] INFO  testCases.TC_001_LoginPage - *** Starting TC_001_LoginPage ***
15:25:38.820 [main] INFO  testCases.TC_001_LoginPage - *** Enter the user email address***
15:25:40.941 [main] INFO  testCases.TC_001_LoginPage - *** Enter the password ***
15:25:43.206 [main] INFO  testCases.TC_001_LoginPage - *** Clicking on login button ***
15:25:47.245 [main] INFO  testCases.TC_001_LoginPage - *** finished the TC_001_LoginPage ***
16:14:51.035 [main] INFO  testCases.TC_001_LoginPage - *** Starting TC_001_LoginPage ***
16:14:51.337 [main] INFO  testCases.TC_001_LoginPage - *** Enter the user email address***
16:14:53.476 [main] INFO  testCases.TC_001_LoginPage - *** Enter the password ***
16:14:55.784 [main] INFO  testCases.TC_001_LoginPage - *** Clicking on login button ***
16:14:59.902 [main] INFO  testCases.TC_001_LoginPage - *** finished the TC_001_LoginPage ***
